<?xml version="1.0" encoding="UTF-8"?>
<!-- Generated by org.testng.reporters.JUnitXMLReporter -->
<testsuite hostname="DESKTOP-8VARECG" ignored="0" name="Default test" tests="3" failures="0" timestamp="09 Dec 2020 10:56:37 GMT" time="43.166" errors="0">
  <testcase name="RunTest" time="0.864" classname="com.datadriven.test.RegisterTestNg"/>
  <testcase name="RunTest" time="0.81" classname="com.datadriven.test.RegisterTestNg"/>
  <testcase name="RunTest" time="0.795" classname="com.datadriven.test.RegisterTestNg"/>
</testsuite> <!-- Default test -->
